<?xml version="1.0" encoding="UTF-8"?>
<testsuite xmlns:xsi="http://www.w3.org/2001/XMLSchema-instance" xsi:noNamespaceSchemaLocation="https://maven.apache.org/surefire/maven-surefire-plugin/xsd/surefire-test-report.xsd" name="demo.AppTest" time="0.12" tests="1" errors="0" skipped="0" failures="0">
  <properties>
    <property name="java.specification.version" value="16"/>
    <property name="sun.cpu.isalist" value="amd64"/>
    <property name="sun.jnu.encoding" value="Cp1252"/>
    <property name="java.class.path" value="C:\maven_data\pro\target\test-classes;C:\maven_data\pro\target\classes;C:\Users\Swetha\.m2\repository\junit\junit\4.11\junit-4.11.jar;C:\Users\Swetha\.m2\repository\org\hamcrest\hamcrest-core\1.3\hamcrest-core-1.3.jar;"/>
    <property name="java.vm.vendor" value="Oracle Corporation"/>
    <property name="sun.arch.data.model" value="64"/>
    <property name="user.variant" value=""/>
    <property name="java.vendor.url" value="https://java.oracle.com/"/>
    <property name="user.timezone" value="Asia/Calcutta"/>
    <property name="os.name" value="Windows 10"/>
    <property name="java.vm.specification.version" value="16"/>
    <property name="sun.java.launcher" value="SUN_STANDARD"/>
    <property name="user.country" value="IN"/>
    <property name="sun.boot.library.path" value="C:\Users\Swetha\Desktop\jdk-16.0.2_windows-x64_bin\jdk-16.0.2\bin"/>
    <property name="sun.java.command" value="C:\Users\Swetha\AppData\Local\Temp\surefire4847336337071057888\surefirebooter10794565911298793868.jar C:\Users\Swetha\AppData\Local\Temp\surefire4847336337071057888 2021-07-25T09-42-30_963-jvmRun1 surefire2585949433249430290tmp surefire_017275372699269374661tmp"/>
    <property name="jdk.debug" value="release"/>
    <property name="surefire.test.class.path" value="C:\maven_data\pro\target\test-classes;C:\maven_data\pro\target\classes;C:\Users\Swetha\.m2\repository\junit\junit\4.11\junit-4.11.jar;C:\Users\Swetha\.m2\repository\org\hamcrest\hamcrest-core\1.3\hamcrest-core-1.3.jar;"/>
    <property name="sun.cpu.endian" value="little"/>
    <property name="user.home" value="C:\Users\Swetha"/>
    <property name="user.language" value="en"/>
    <property name="java.specification.vendor" value="Oracle Corporation"/>
    <property name="java.version.date" value="2021-07-20"/>
    <property name="java.home" value="C:\Users\Swetha\Desktop\jdk-16.0.2_windows-x64_bin\jdk-16.0.2"/>
    <property name="file.separator" value="\"/>
    <property name="basedir" value="C:\maven_data\pro"/>
    <property name="java.vm.compressedOopsMode" value="32-bit"/>
    <property name="line.separator" value="&#10;"/>
    <property name="java.vm.specification.vendor" value="Oracle Corporation"/>
    <property name="java.specification.name" value="Java Platform API Specification"/>
    <property name="surefire.real.class.path" value="C:\Users\Swetha\AppData\Local\Temp\surefire4847336337071057888\surefirebooter10794565911298793868.jar"/>
    <property name="user.script" value=""/>
    <property name="sun.management.compiler" value="HotSpot 64-Bit Tiered Compilers"/>
    <property name="java.runtime.version" value="16.0.2+7-67"/>
    <property name="user.name" value="Swetha"/>
    <property name="path.separator" value=";"/>
    <property name="os.version" value="10.0"/>
    <property name="java.runtime.name" value="Java(TM) SE Runtime Environment"/>
    <property name="file.encoding" value="Cp1252"/>
    <property name="java.vm.name" value="Java HotSpot(TM) 64-Bit Server VM"/>
    <property name="localRepository" value="C:\Users\Swetha\.m2\repository"/>
    <property name="java.vendor.url.bug" value="https://bugreport.java.com/bugreport/"/>
    <property name="java.io.tmpdir" value="C:\Users\Swetha\AppData\Local\Temp\"/>
    <property name="java.version" value="16.0.2"/>
    <property name="user.dir" value="C:\maven_data\pro"/>
    <property name="os.arch" value="amd64"/>
    <property name="java.vm.specification.name" value="Java Virtual Machine Specification"/>
    <property name="sun.os.patch.level" value=""/>
    <property name="java.library.path" value="C:\Users\Swetha\Desktop\jdk-16.0.2_windows-x64_bin\jdk-16.0.2\bin;C:\WINDOWS\Sun\Java\bin;C:\WINDOWS\system32;C:\WINDOWS;C:\Users\Swetha\bin;C:\Users\Swetha\AppData\Local\Programs\Git\mingw64\bin;C:\Users\Swetha\AppData\Local\Programs\Git\usr\local\bin;C:\Users\Swetha\AppData\Local\Programs\Git\usr\bin;C:\Users\Swetha\AppData\Local\Programs\Git\usr\bin;C:\Users\Swetha\AppData\Local\Programs\Git\mingw64\bin;C:\Users\Swetha\AppData\Local\Programs\Git\usr\bin;C:\Users\Swetha\bin;C:\WINDOWS\system32;C:\WINDOWS;C:\WINDOWS\System32\Wbem;C:\WINDOWS\System32\WindowsPowerShell\v1.0;C:\WINDOWS\System32\OpenSSH;C:\Program Files (x86)\Intel\Intel(R) Management Engine Components\DAL;C:\Program Files\Intel\Intel(R) Management Engine Components\DAL;C:\Program Files (x86)\PuTTY;C:\Users\Swetha\Desktop\jdk-16.0.2_windows-x64_bin\jdk-16.0.2\bin;C:\soft\apache-maven-3.8.1-bin (1)\apache-maven-3.8.1\bin;C:\Users\Swetha\AppData\Local\Microsoft\WindowsApps;C:\Users\Swetha\AppData\Local\Programs\Git\cmd;C:\Users\Swetha\AppData\Local\Programs\Git\usr\bin\vendor_perl;C:\Users\Swetha\AppData\Local\Programs\Git\usr\bin\core_perl;."/>
    <property name="java.vm.info" value="mixed mode, sharing"/>
    <property name="java.vendor" value="Oracle Corporation"/>
    <property name="java.vm.version" value="16.0.2+7-67"/>
    <property name="sun.io.unicode.encoding" value="UnicodeLittle"/>
    <property name="java.class.version" value="60.0"/>
  </properties>
  <testcase name="shouldAnswerWithTrue" classname="demo.AppTest" time="0.002"/>
</testsuite>